[    0.000000] Linux version 4.15.0-142-generic (buildd@lgw01-amd64-036) (gcc version 7.5.0 (Ubuntu 7.5.0-3ubuntu1~18.04)) #146-Ubuntu SMP Tue Apr 13 01:11:19 UTC 2021 (Ubuntu 4.15.0-142.146-generic 4.15.18)
[    0.000000] Command line: BOOT_IMAGE=/boot/vmlinuz-4.15.0-142-generic root=UUID=9b30f074-6007-4b7f-a791-a625da9de213 ro console=tty1 console=ttyS0
[    0.000000] KERNEL supported cpus:
[    0.000000]   Intel GenuineIntel
[    0.000000]   AMD AuthenticAMD
[    0.000000]   Centaur CentaurHauls
[    0.000000] x86/fpu: Supporting XSAVE feature 0x001: 'x87 floating point registers'
[    0.000000] x86/fpu: Supporting XSAVE feature 0x002: 'SSE registers'
[    0.000000] x86/fpu: Supporting XSAVE feature 0x004: 'AVX registers'
[    0.000000] x86/fpu: xstate_offset[2]:  576, xstate_sizes[2]:  256
[    0.000000] x86/fpu: Enabled xstate features 0x7, context size is 832 bytes, using 'standard' format.
[    0.000000] e820: BIOS-provided physical RAM map:
[    0.000000] BIOS-e820: [mem 0x0000000000000000-0x000000000009fbff] usable
[    0.000000] BIOS-e820: [mem 0x000000000009fc00-0x000000000009ffff] reserved
[    0.000000] BIOS-e820: [mem 0x00000000000f0000-0x00000000000fffff] reserved
[    0.000000] BIOS-e820: [mem 0x0000000000100000-0x000000003ffeffff] usable
[    0.000000] BIOS-e820: [mem 0x000000003fff0000-0x000000003fffffff] ACPI data
[    0.000000] BIOS-e820: [mem 0x00000000fec00000-0x00000000fec00fff] reserved
[    0.000000] BIOS-e820: [mem 0x00000000fee00000-0x00000000fee00fff] reserved
[    0.000000] BIOS-e820: [mem 0x00000000fffc0000-0x00000000ffffffff] reserved
[    0.000000] NX (Execute Disable) protection: active
[    0.000000] SMBIOS 2.5 present.
[    0.000000] DMI: innotek GmbH VirtualBox/VirtualBox, BIOS VirtualBox 12/01/2006
[    0.000000] Hypervisor detected: KVM
[    0.000000] e820: last_pfn = 0x3fff0 max_arch_pfn = 0x400000000
[    0.000000] MTRR: Disabled
[    0.000000] x86/PAT: MTRRs disabled, skipping PAT initialization too.
[    0.000000] CPU MTRRs all blank - virtualized system.
[    0.000000] x86/PAT: Configuration [0-7]: WB  WT  UC- UC  WB  WT  UC- UC  
[    0.000000] found SMP MP-table at [mem 0x0009fff0-0x0009ffff]
[    0.000000] Scanning 1 areas for low memory corruption
[    0.000000] RAMDISK: [mem 0x358bd000-0x36c55fff]
[    0.000000] ACPI: Early table checksum verification disabled
[    0.000000] ACPI: RSDP 0x00000000000E0000 000024 (v02 VBOX  )
[    0.000000] ACPI: XSDT 0x000000003FFF0030 00003C (v01 VBOX   VBOXXSDT 00000001 ASL  00000061)
[    0.000000] ACPI: FACP 0x000000003FFF00F0 0000F4 (v04 VBOX   VBOXFACP 00000001 ASL  00000061)
[    0.000000] ACPI: DSDT 0x000000003FFF0470 002325 (v02 VBOX   VBOXBIOS 00000002 INTL 20100528)
[    0.000000] ACPI: FACS 0x000000003FFF0200 000040
[    0.000000] ACPI: FACS 0x000000003FFF0200 000040
[    0.000000] ACPI: APIC 0x000000003FFF0240 00005C (v02 VBOX   VBOXAPIC 00000001 ASL  00000061)
[    0.000000] ACPI: SSDT 0x000000003FFF02A0 0001CC (v01 VBOX   VBOXCPUT 00000002 INTL 20100528)
[    0.000000] No NUMA configuration found
[    0.000000] Faking a node at [mem 0x0000000000000000-0x000000003ffeffff]
[    0.000000] NODE_DATA(0) allocated [mem 0x3ffc5000-0x3ffeffff]
[    0.000000] kvm-clock: cpu 0, msr 0:3ff44001, primary cpu clock
[    0.000000] kvm-clock: Using msrs 4b564d01 and 4b564d00
[    0.000000] kvm-clock: using sched offset of 3348547529 cycles
[    0.000000] clocksource: kvm-clock: mask: 0xffffffffffffffff max_cycles: 0x1cd42e4dffb, max_idle_ns: 881590591483 ns
[    0.000000] Zone ranges:
[    0.000000]   DMA      [mem 0x0000000000001000-0x0000000000ffffff]
[    0.000000]   DMA32    [mem 0x0000000001000000-0x000000003ffeffff]
[    0.000000]   Normal   empty
[    0.000000]   Device   empty
[    0.000000] Movable zone start for each node
[    0.000000] Early memory node ranges
[    0.000000]   node   0: [mem 0x0000000000001000-0x000000000009efff]
[    0.000000]   node   0: [mem 0x0000000000100000-0x000000003ffeffff]
[    0.000000] Reserved but unavailable: 98 pages
[    0.000000] Initmem setup node 0 [mem 0x0000000000001000-0x000000003ffeffff]
[    0.000000] ACPI: PM-Timer IO Port: 0x4008
[    0.000000] IOAPIC[0]: apic_id 2, version 32, address 0xfec00000, GSI 0-23
[    0.000000] ACPI: INT_SRC_OVR (bus 0 bus_irq 0 global_irq 2 dfl dfl)
[    0.000000] ACPI: INT_SRC_OVR (bus 0 bus_irq 9 global_irq 9 low level)
[    0.000000] Using ACPI (MADT) for SMP configuration information
[    0.000000] smpboot: Allowing 2 CPUs, 0 hotplug CPUs
[    0.000000] PM: Registered nosave memory: [mem 0x00000000-0x00000fff]
[    0.000000] PM: Registered nosave memory: [mem 0x0009f000-0x0009ffff]
[    0.000000] PM: Registered nosave memory: [mem 0x000a0000-0x000effff]
[    0.000000] PM: Registered nosave memory: [mem 0x000f0000-0x000fffff]
[    0.000000] e820: [mem 0x40000000-0xfebfffff] available for PCI devices
[    0.000000] Booting paravirtualized kernel on KVM
[    0.000000] clocksource: refined-jiffies: mask: 0xffffffff max_cycles: 0xffffffff, max_idle_ns: 7645519600211568 ns
[    0.000000] random: get_random_bytes called from start_kernel+0x99/0x500 with crng_init=0
[    0.000000] setup_percpu: NR_CPUS:8192 nr_cpumask_bits:2 nr_cpu_ids:2 nr_node_ids:1
[    0.000000] percpu: Embedded 45 pages/cpu s147456 r8192 d28672 u1048576
[    0.000000] PV qspinlock hash table entries: 256 (order: 0, 4096 bytes)
[    0.000000] Built 1 zonelists, mobility grouping on.  Total pages: 257913
[    0.000000] Policy zone: DMA32
[    0.000000] Kernel command line: BOOT_IMAGE=/boot/vmlinuz-4.15.0-142-generic root=UUID=9b30f074-6007-4b7f-a791-a625da9de213 ro console=tty1 console=ttyS0
[    0.000000] Memory: 982172K/1048120K available (12300K kernel code, 2483K rwdata, 4316K rodata, 2444K init, 2724K bss, 65948K reserved, 0K cma-reserved)
[    0.000000] SLUB: HWalign=64, Order=0-3, MinObjects=0, CPUs=2, Nodes=1
[    0.000000] ftrace: allocating 39434 entries in 155 pages
[    0.004000] Hierarchical RCU implementation.
[    0.004000] 	RCU restricting CPUs from NR_CPUS=8192 to nr_cpu_ids=2.
[    0.004000] 	Tasks RCU enabled.
[    0.004000] RCU: Adjusting geometry for rcu_fanout_leaf=16, nr_cpu_ids=2
[    0.004000] NR_IRQS: 524544, nr_irqs: 440, preallocated irqs: 16
[    0.004000] Console: colour VGA+ 80x25
[    0.004000] console [tty1] enabled
[    0.004000] console [ttyS0] enabled
[    0.004000] ACPI: Core revision 20170831
[    0.004000] ACPI: 2 ACPI AML tables successfully acquired and loaded
[    0.004000] APIC: Switch to symmetric I/O mode setup
[    0.004000] x2apic enabled
[    0.004000] Switched APIC routing to physical x2apic.
[    0.004000] ..TIMER: vector=0x30 apic1=0 pin1=2 apic2=-1 pin2=-1
[    0.004000] tsc: Detected 2903.998 MHz processor
[    0.004006] Calibrating delay loop (skipped) preset value.. 5807.99 BogoMIPS (lpj=11615992)
[    0.005062] pid_max: default: 32768 minimum: 301
[    0.005688] Security Framework initialized
[    0.006230] Yama: becoming mindful.
[    0.006719] AppArmor: AppArmor initialized
[    0.007368] Dentry cache hash table entries: 131072 (order: 8, 1048576 bytes)
[    0.008050] Inode-cache hash table entries: 65536 (order: 7, 524288 bytes)
[    0.008915] Mount-cache hash table entries: 2048 (order: 2, 16384 bytes)
[    0.009752] Mountpoint-cache hash table entries: 2048 (order: 2, 16384 bytes)
[    0.010852] Last level iTLB entries: 4KB 64, 2MB 8, 4MB 8
[    0.012002] Last level dTLB entries: 4KB 64, 2MB 0, 4MB 0, 1GB 4
[    0.012762] Spectre V1 : Mitigation: usercopy/swapgs barriers and __user pointer sanitization
[    0.013832] Spectre V2 : Mitigation: Full generic retpoline
[    0.014873] Spectre V2 : Spectre v2 / SpectreRSB mitigation: Filling RSB on context switch
[    0.016002] Speculative Store Bypass: Vulnerable
[    0.016897] Freeing SMP alternatives memory: 36K
[    0.126894] smpboot: CPU0: Intel(R) Core(TM) i5-10400F CPU @ 2.90GHz (family: 0x6, model: 0xa5, stepping: 0x5)
[    0.128000] Performance Events: unsupported p6 CPU model 165 no PMU driver, software events only.
[    0.128000] Hierarchical SRCU implementation.
[    0.128000] NMI watchdog: Perf event create on CPU 0 failed with -2
[    0.128002] NMI watchdog: Perf NMI watchdog permanently disabled
[    0.128797] smp: Bringing up secondary CPUs ...
[    0.129453] x86: Booting SMP configuration:
[    0.130013] .... node  #0, CPUs:      #1
[    0.004000] kvm-clock: cpu 1, msr 0:3ff44041, secondary cpu clock
[    0.134008] smp: Brought up 1 node, 2 CPUs
[    0.134008] smpboot: Max logical packages: 1
[    0.134008] smpboot: Total of 2 processors activated (11615.99 BogoMIPS)
[    0.136033] devtmpfs: initialized
[    0.136502] x86/mm: Memory block size: 128MB
[    0.137166] evm: security.selinux
[    0.137627] evm: security.SMACK64
[    0.138081] evm: security.SMACK64EXEC
[    0.138586] evm: security.SMACK64TRANSMUTE
[    0.139131] evm: security.SMACK64MMAP
[    0.139632] evm: security.apparmor
[    0.140000] evm: security.ima
[    0.140003] evm: security.capability
[    0.140568] clocksource: jiffies: mask: 0xffffffff max_cycles: 0xffffffff, max_idle_ns: 7645041785100000 ns
[    0.141234] futex hash table entries: 512 (order: 3, 32768 bytes)
[    0.144016] pinctrl core: initialized pinctrl subsystem
[    0.144792] RTC time:  7:42:15, date: 07/17/21
[    0.145487] NET: Registered protocol family 16
[    0.146133] audit: initializing netlink subsys (disabled)
[    0.148028] audit: type=2000 audit(1626507740.856:1): state=initialized audit_enabled=0 res=1
[    0.149100] cpuidle: using governor ladder
[    0.149100] cpuidle: using governor menu
[    0.149117] ACPI: bus type PCI registered
[    0.149656] acpiphp: ACPI Hot Plug PCI Controller Driver version: 0.5
[    0.152084] PCI: Using configuration type 1 for base access
[    0.152819] HugeTLB registered 2.00 MiB page size, pre-allocated 0 pages
[    0.152996] ACPI: Added _OSI(Module Device)
[    0.152996] ACPI: Added _OSI(Processor Device)
[    0.156006] ACPI: Added _OSI(3.0 _SCP Extensions)
[    0.156622] ACPI: Added _OSI(Processor Aggregator Device)
[    0.157352] ACPI: Added _OSI(Linux-Dell-Video)
[    0.157947] ACPI: Added _OSI(Linux-Lenovo-NV-HDMI-Audio)
[    0.158627] ACPI: Added _OSI(Linux-HPI-Hybrid-Graphics)
[    0.160034] ACPI: Executed 1 blocks of module-level executable AML code
[    0.163519] ACPI: Interpreter enabled
[    0.164000] ACPI: (supports S0 S5)
[    0.164002] ACPI: Using IOAPIC for interrupt routing
[    0.164865] PCI: Using host bridge windows from ACPI; if necessary, use "pci=nocrs" and report a bug
[    0.166148] ACPI: Enabled 2 GPEs in block 00 to 07
[    0.171899] ACPI: PCI Root Bridge [PCI0] (domain 0000 [bus 00-ff])
[    0.172005] acpi PNP0A03:00: _OSC: OS supports [ASPM ClockPM Segments MSI]
[    0.173256] acpi PNP0A03:00: _OSC: not requesting OS control; OS requires [ExtendedConfig ASPM ClockPM MSI]
[    0.174534] acpi PNP0A03:00: fail to add MMCONFIG information, can't access extended PCI configuration space under this bridge.
[    0.176312] PCI host bridge to bus 0000:00
[    0.176867] pci_bus 0000:00: root bus resource [io  0x0000-0x0cf7 window]
[    0.177918] pci_bus 0000:00: root bus resource [io  0x0d00-0xffff window]
[    0.178922] pci_bus 0000:00: root bus resource [mem 0x000a0000-0x000bffff window]
[    0.180003] pci_bus 0000:00: root bus resource [mem 0x40000000-0xfdffffff window]
[    0.181133] pci_bus 0000:00: root bus resource [bus 00-ff]
[    0.184051] pci 0000:00:01.1: legacy IDE quirk: reg 0x10: [io  0x01f0-0x01f7]
[    0.184978] pci 0000:00:01.1: legacy IDE quirk: reg 0x14: [io  0x03f6]
[    0.185824] pci 0000:00:01.1: legacy IDE quirk: reg 0x18: [io  0x0170-0x0177]
[    0.186728] pci 0000:00:01.1: legacy IDE quirk: reg 0x1c: [io  0x0376]
[    0.195526] pci 0000:00:07.0: quirk: [io  0x4000-0x403f] claimed by PIIX4 ACPI
[    0.196015] pci 0000:00:07.0: quirk: [io  0x4100-0x410f] claimed by PIIX4 SMB
[    0.201429] ACPI: PCI Interrupt Link [LNKA] (IRQs 5 9 10 *11)
[    0.202421] ACPI: PCI Interrupt Link [LNKB] (IRQs 5 9 *10 11)
[    0.203250] ACPI: PCI Interrupt Link [LNKC] (IRQs 5 *9 10 11)
[    0.204000] ACPI: PCI Interrupt Link [LNKD] (IRQs 5 9 10 *11)
[    0.204216] SCSI subsystem initialized
[    0.204762] pci 0000:00:02.0: vgaarb: setting as boot VGA device
[    0.204773] pci 0000:00:02.0: vgaarb: VGA device added: decodes=io+mem,owns=io+mem,locks=none
[    0.205871] pci 0000:00:02.0: vgaarb: bridge control possible
[    0.206603] vgaarb: loaded
[    0.208024] ACPI: bus type USB registered
[    0.208579] usbcore: registered new interface driver usbfs
[    0.209312] usbcore: registered new interface driver hub
[    0.210014] usbcore: registered new device driver usb
[    0.210919] EDAC MC: Ver: 3.0.0
[    0.210919] PCI: Using ACPI for IRQ routing
[    0.212193] NetLabel: Initializing
[    0.212664] NetLabel:  domain hash size = 128
[    0.213237] NetLabel:  protocols = UNLABELED CIPSOv4 CALIPSO
[    0.213981] NetLabel:  unlabeled traffic allowed by default
[    0.214727] clocksource: Switched to clocksource kvm-clock
[    0.225003] VFS: Disk quotas dquot_6.6.0
[    0.225558] VFS: Dquot-cache hash table entries: 512 (order 0, 4096 bytes)
[    0.226478] AppArmor: AppArmor Filesystem Enabled
[    0.227137] pnp: PnP ACPI init
[    0.228305] pnp: PnP ACPI: found 3 devices
[    0.236398] clocksource: acpi_pm: mask: 0xffffff max_cycles: 0xffffff, max_idle_ns: 2085701024 ns
[    0.237583] NET: Registered protocol family 2
[    0.238274] TCP established hash table entries: 8192 (order: 4, 65536 bytes)
[    0.239196] TCP bind hash table entries: 8192 (order: 5, 131072 bytes)
[    0.243168] TCP: Hash tables configured (established 8192 bind 8192)
[    0.244062] UDP hash table entries: 512 (order: 2, 16384 bytes)
[    0.244845] UDP-Lite hash table entries: 512 (order: 2, 16384 bytes)
[    0.245715] NET: Registered protocol family 1
[    0.246320] pci 0000:00:00.0: Limiting direct PCI/PCI transfers
[    0.247105] pci 0000:00:01.0: Activating ISA DMA hang workarounds
[    0.247911] pci 0000:00:02.0: Video device with shadowed ROM at [mem 0x000c0000-0x000dffff]
[    0.249115] Unpacking initramfs...
[    0.526801] Freeing initrd memory: 20068K
[    0.527453] clocksource: tsc: mask: 0xffffffffffffffff max_cycles: 0x29dc03c1beb, max_idle_ns: 440795205215 ns
[    0.528941] platform rtc_cmos: registered platform RTC device (no PNP device found)
[    0.529942] Scanning for low memory corruption every 60 seconds
[    0.531186] Initialise system trusted keyrings
[    0.531774] Key type blacklist registered
[    0.532383] workingset: timestamp_bits=36 max_order=18 bucket_order=0
[    0.535987] zbud: loaded
[    0.536750] squashfs: version 4.0 (2009/01/31) Phillip Lougher
[    0.537662] fuse init (API version 7.26)
[    0.540062] Key type asymmetric registered
[    0.540608] Asymmetric key parser 'x509' registered
[    0.541491] Block layer SCSI generic (bsg) driver version 0.4 loaded (major 246)
[    0.542500] io scheduler noop registered
[    0.543025] io scheduler deadline registered
[    0.543804] io scheduler cfq registered (default)
[    0.544780] ACPI: AC Adapter [AC] (on-line)
[    0.545368] input: Power Button as /devices/LNXSYSTM:00/LNXPWRBN:00/input/input0
[    0.546416] ACPI: Power Button [PWRF]
[    0.546959] input: Sleep Button as /devices/LNXSYSTM:00/LNXSLPBN:00/input/input1
[    0.547909] ACPI: Sleep Button [SLPF]
[    0.548696] Serial: 8250/16550 driver, 32 ports, IRQ sharing enabled
[    0.570045] 00:02: ttyS0 at I/O 0x3f8 (irq = 4, base_baud = 115200) is a 16550A
[    0.573706] Linux agpgart interface v0.103
[    0.575486] loop: module loaded
[    0.576332] scsi host0: ata_piix
[    0.576952] scsi host1: ata_piix
[    0.577419] ata1: PATA max UDMA/33 cmd 0x1f0 ctl 0x3f6 bmdma 0xd000 irq 14
[    0.578361] ata2: PATA max UDMA/33 cmd 0x170 ctl 0x376 bmdma 0xd008 irq 15
[    0.579448] libphy: Fixed MDIO Bus: probed
[    0.580003] tun: Universal TUN/TAP device driver, 1.6
[    0.580743] PPP generic driver version 2.4.2
[    0.581374] ehci_hcd: USB 2.0 'Enhanced' Host Controller (EHCI) Driver
[    0.582192] ehci-pci: EHCI PCI platform driver
[    0.582822] ehci-platform: EHCI generic platform driver
[    0.583536] ohci_hcd: USB 1.1 'Open' Host Controller (OHCI) Driver
[    0.584375] ohci-pci: OHCI PCI platform driver
[    0.584974] ohci-platform: OHCI generic platform driver
[    0.585651] uhci_hcd: USB Universal Host Controller Interface driver
[    0.586488] i8042: PNP: PS/2 Controller [PNP0303:PS2K,PNP0f03:PS2M] at 0x60,0x64 irq 1,12
[    0.587933] serio: i8042 KBD port at 0x60,0x64 irq 1
[    0.588631] serio: i8042 AUX port at 0x60,0x64 irq 12
[    0.589441] mousedev: PS/2 mouse device common for all mice
[    0.590609] input: AT Translated Set 2 keyboard as /devices/platform/i8042/serio0/input/input2
[    0.592015] rtc_cmos rtc_cmos: rtc core: registered rtc_cmos as rtc0
[    0.592977] rtc_cmos rtc_cmos: alarms up to one day, 114 bytes nvram
[    0.593789] i2c /dev entries driver
[    0.594301] device-mapper: uevent: version 1.0.3
[    0.595025] device-mapper: ioctl: 4.37.0-ioctl (2017-09-20) initialised: dm-devel@redhat.com
[    0.596305] ledtrig-cpu: registered to indicate activity on CPUs
[    0.597333] NET: Registered protocol family 10
[    0.600358] Segment Routing with IPv6
[    0.600870] NET: Registered protocol family 17
[    0.601553] Key type dns_resolver registered
[    0.602350] mce: Using 0 MCE banks
[    0.602825] RAS: Correctable Errors collector initialized.
[    0.603539] sched_clock: Marking stable (602330018, 0)->(719244465, -116914447)
[    0.604874] registered taskstats version 1
[    0.605430] Loading compiled-in X.509 certificates
[    0.607918] Loaded X.509 cert 'Build time autogenerated kernel key: 028139f94c642d40642d50ab098c4e7b0aebaa81'
[    0.609627] Loaded X.509 cert 'Canonical Ltd. Live Patch Signing: 14df34d1a87cf37625abec039ef2bf521249b969'
[    0.611287] Loaded X.509 cert 'Canonical Ltd. Kernel Module Signing: 88f752e560a1e0737e31163a466ad7b70a850c19'
[    0.612589] zswap: loaded using pool lzo/zbud
[    0.615243] Key type big_key registered
[    0.615758] Key type trusted registered
[    0.617355] Key type encrypted registered
[    0.617893] AppArmor: AppArmor sha1 policy hashing enabled
[    0.618586] ima: No TPM chip found, activating TPM-bypass! (rc=-19)
[    0.619477] ima: Allocated hash algorithm: sha1
[    0.620297] evm: HMAC attrs: 0x1
[    0.620908]   Magic number: 13:707:723
[    0.621414] block loop3: hash matches
[    0.621979] rtc_cmos rtc_cmos: setting system clock to 2021-07-17 07:42:16 UTC (1626507736)
[    0.623124] BIOS EDD facility v0.16 2004-Jun-25, 0 devices found
[    0.623914] EDD information not available.
[    0.761033] Freeing unused kernel image memory: 2444K
[    0.772135] Write protecting the kernel read-only data: 20480k
[    0.773328] Freeing unused kernel image memory: 2008K
[    0.774463] Freeing unused kernel image memory: 1828K
[    0.786331] x86/mm: Checked W+X mappings: passed, no W+X pages found.
Loading, please wait...
starting version 237
[    0.836830] Fusion MPT base driver 3.04.20
[    0.838043] Copyright (c) 1999-2008 LSI Corporation
[    0.845117] e1000: Intel(R) PRO/1000 Network Driver - version 7.3.21-k8-NAPI
[    0.846320] e1000: Copyright (c) 1999-2006 Intel Corporation.
[    0.848358] Fusion MPT SPI Host driver 3.04.20
[    0.861863] AVX2 version of gcm_enc/dec engaged.
[    0.862502] AES CTR mode by8 optimization enabled
[    1.053355] input: ImExPS/2 Generic Explorer Mouse as /devices/platform/i8042/serio1/input/input4
[    1.219319] e1000 0000:00:03.0 eth0: (PCI:33MHz:32-bit) 02:54:31:68:18:3c
[    1.220512] e1000 0000:00:03.0 eth0: Intel(R) PRO/1000 Network Connection
[    1.226106] mptbase: ioc0: Initiating bringup
[    1.226274] e1000 0000:00:03.0 enp0s3: renamed from eth0
[    1.616168] ioc0: LSI53C1030 A0: Capabilities={Initiator}
[    5.093179] scsi host2: ioc0: LSI53C1030 A0, FwRev=00000000h, Ports=1, MaxQ=256, IRQ=20
[    6.568911] scsi 2:0:0:0: Direct-Access     VBOX     HARDDISK         1.0  PQ: 0 ANSI: 5
[    6.600642] scsi target2:0:0: Beginning Domain Validation
[    6.602229] scsi target2:0:0: Domain Validation skipping write tests
[    6.603040] scsi target2:0:0: Ending Domain Validation
[    6.603912] scsi target2:0:0: asynchronous
[    6.604834] scsi 2:0:1:0: Direct-Access     VBOX     HARDDISK         1.0  PQ: 0 ANSI: 5
[    6.636749] scsi target2:0:1: Beginning Domain Validation
[    6.638315] random: fast init done
[    6.638318] scsi target2:0:1: Domain Validation skipping write tests
[    6.639639] scsi target2:0:1: Ending Domain Validation
[    6.640423] scsi target2:0:1: asynchronous
[    6.643997] random: systemd-udevd: uninitialized urandom read (16 bytes read)
[    6.645289] random: systemd-udevd: uninitialized urandom read (16 bytes read)
[    6.646343] random: systemd-udevd: uninitialized urandom read (16 bytes read)
[    6.647860] sd 2:0:0:0: Attached scsi generic sg0 type 0
[    6.647893] sd 2:0:0:0: [sda] 83886080 512-byte logical blocks: (42.9 GB/40.0 GiB)
[    6.649731] sd 2:0:0:0: [sda] Write Protect is off
[    6.650515] sd 2:0:1:0: Attached scsi generic sg1 type 0
[    6.650520] sd 2:0:0:0: [sda] Incomplete mode parameter data
[    6.652016] sd 2:0:0:0: [sda] Assuming drive cache: write through
[    6.652042] sd 2:0:1:0: [sdb] 20480 512-byte logical blocks: (10.5 MB/10.0 MiB)
[    6.654420]  sda: sda1
[    6.654681] sd 2:0:1:0: [sdb] Write Protect is off
[    6.655084] sd 2:0:0:0: [sda] Attached SCSI disk
[    6.656829] sd 2:0:1:0: [sdb] Incomplete mode parameter data
[    6.658075] sd 2:0:1:0: [sdb] Assuming drive cache: write through
[    6.660800] sd 2:0:1:0: [sdb] Attached SCSI disk
Begin: Loading essential drivers ... [    8.012776] raid6: sse2x1   gen() 13862 MB/s
[    8.060561] raid6: sse2x1   xor()  8041 MB/s
[    8.108438] raid6: sse2x2   gen() 17192 MB/s
[    8.156237] raid6: sse2x2   xor() 10843 MB/s
[    8.204045] raid6: sse2x4   gen() 17924 MB/s
[    8.252686] raid6: sse2x4   xor() 10649 MB/s
[    8.300081] raid6: avx2x1   gen() 27414 MB/s
[    8.348338] raid6: avx2x1   xor() 15297 MB/s
[    8.396569] raid6: avx2x2   gen() 32162 MB/s
[    8.444372] raid6: avx2x2   xor() 21126 MB/s
[    8.492189] raid6: avx2x4   gen() 35559 MB/s
[    8.540053] raid6: avx2x4   xor() 21882 MB/s
[    8.540897] raid6: using algorithm avx2x4 gen() 35559 MB/s
[    8.541650] raid6: .... xor() 21882 MB/s, rmw enabled
[    8.542300] raid6: using avx2x2 recovery algorithm
[    8.543703] xor: automatically using best checksumming function   avx       
[    8.545715] async_tx: api initialized (async)
done.
Begin: Running /scripts/init-premount ... done.
Begin: Mounting root file system ... Begin: Running /scripts/local-top ... done.
Begin: Running /scripts/local-premount ... [    8.578018] Btrfs loaded, crc32c=crc32c-intel
Scanning for Btrfs filesystems
done.
Warning: fsck not present, so skipping root file system
[    8.596134] EXT4-fs (sda1): INFO: recovery required on readonly filesystem
[    8.597017] EXT4-fs (sda1): write access will be enabled during recovery
[    8.669773] EXT4-fs (sda1): recovery complete
[    8.670630] EXT4-fs (sda1): mounted filesystem with ordered data mode. Opts: (null)
done.
Begin: Running /scripts/local-bottom ... done.
Begin: Running /scripts/init-bottom ... done.
[    8.806890] ip_tables: (C) 2000-2006 Netfilter Core Team
[    8.813898] systemd[1]: systemd 237 running in system mode. (+PAM +AUDIT +SELINUX +IMA +APPARMOR +SMACK +SYSVINIT +UTMP +LIBCRYPTSETUP +GCRYPT +GNUTLS +ACL +XZ +LZ4 +SECCOMP +BLKID +ELFUTILS +KMOD -IDN2 +IDN -PCRE2 default-hierarchy=hybrid)
[    8.816506] systemd[1]: Detected virtualization oracle.
[    8.817219] systemd[1]: Detected architecture x86-64.

Welcome to [1mUbuntu 18.04.5 LTS[0m!

[    8.822095] systemd[1]: Set hostname to <ubuntu-bionic>.
[    9.021515] systemd[1]: Reached target User and Group Name Lookups.
[[0;32m  OK  [0m] Reached target User and Group Name Lookups.
[    9.525104] systemd[1]: Reached target Swap.
[[0;32m  OK  [0m] Reached target Swap.
[    9.536793] systemd[1]: Reached target System Time Synchronized.
[[0;32m  OK  [0m] Reached target System Time Synchronized.
[    9.538242] systemd[1]: Started Forward Password Requests to Wall Directory Watch.
[[0;32m  OK  [0m] Started Forward Password Requests to Wall Directory Watch.
[    9.540018] systemd[1]: Set up automount Arbitrary Executable File Formats File System Automount Point.
[[0;32m  OK  [0m] Set up automount Arbitrary Executab…rmats File System Automount Point.
[    9.588876] systemd[1]: Created slice User and Session Slice.
[[0;32m  OK  [0m] Created slice User and Session Slice.
[[0;32m  OK  [0m] Created slice System Slice.
[[0;32m  OK  [0m] Listening on LVM2 metadata daemon socket.
[[0;32m  OK  [0m] Listening on Journal Audit Socket.
[[0;32m  OK  [0m] Reached target Slices.
[[0;32m  OK  [0m] Listening on Journal Socket.
         Starting Load Kernel Modules...
         Mounting POSIX Message Queue File System...
         Starting Create list of required st…ce nodes for the current kernel...
[[0;32m  OK  [0m] Listening on Network Service Netlink Socket.
         Starting Remount Root and Kernel File Systems...
[[0;32m  OK  [0m] Listening on Journal Socket (/dev/log).
         Starting Set the console keyboard layout...
[    9.614506] Loading iSCSI transport class v2.0-870.
         Mounting Kernel Debug File System...
[[0;32m  OK  [0m] Listening on Syslog Socket.
[    9.622091] iscsi: registered transport (tcp)
         Starting Journal Service...
[[0;32m  OK  [0m] Listening on LVM2 poll daemon socket.
[[0;32m  OK  [0m] Listening on Device-mapper event daemon FIFOs.
         Starting Monitoring of LVM2 mirrors…ng dmeventd or progress polling...
[[0;32m  OK  [0m] Listening on udev Kernel Socket.
[[0;32m  OK  [0m] Listening on udev Control Socket.
         Mounting Huge Pages File System...
         Starting Uncomplicated firewall...
[[0;32m  OK  [0m] Created slice system-serial\x2dgetty.slice.
[[0;32m  OK  [0m] Listening on /dev/initctl Compatibility Named Pipe.
[   10.167547] iscsi: registered transport (iser)
         Starting udev Co[   10.181349] EXT4-fs (sda1): re-mounted. Opts: (null)
ldplug all Devices...
[[0;32m  OK  [0m] Started Journal Service.
[[0;32m  OK  [0m] Started Load Kernel Modules.
[[0;32m  OK  [0m] Mounted POSIX Message Queue File System.
[[0;32m  OK  [0m] Started Create list of required sta…vice nodes for the current kernel.
[[0;32m  OK  [0m] Mounted Kernel Debug File System.
[[0;32m  OK  [0m] Mounted Huge Pages File System.
[[0;32m  OK  [0m] Started Remount Root and Kernel File Systems.
[[0;32m  OK  [0m] Started Uncomplicated firewall.
[[0;32m  OK  [0m] Started LVM2 metadata daemon.
         Starting Load/Save Random Seed...
         Starting Create Static Device Nodes in /dev...
         Mounting FUSE Control File System...
         Starting Apply Kernel Variables...
         Mounting Kernel Configuration File System...
         Starting Flush Journal to Persistent Storage...
[[0;32m  OK  [0m] Mounted FUSE Control File System.
[[0;32m  OK  [0m] Mounted Kernel Configuration File System.
[[0;32m  OK  [0m] Started udev Coldplug all Devices.
[[0;32m  OK  [0m] Started Load/Save Random Seed.
[[0;32m  OK  [0m] Started Create Static Device Nodes in /dev.
         Starting udev Kernel Device Manager...
[[0;32m  OK  [0m] Started Monitoring of LVM2 mirrors,…sing dmeventd or progress polling.
[[0;32m  OK  [0m] Started Apply Kernel Variables.
[[0;32m  OK  [0m] Started udev Kernel Device Manager.
[[0;32m  OK  [0m] Started Set the console keyboard layout.
[[0;32m  OK  [0m] Started Dispatch Password Requests to Console Directory Watch.
[[0;32m  OK  [0m] Reached target Local Encrypted Volumes.
[[0;32m  OK  [0m] Reached target Local File Systems (Pre).
         Mounting /vagrant...
[[0;32m  OK  [0m] Reached target Local File Systems.
         Starting AppArmor initialization...
         Starting Set console font and keymap...
         Starting Tell Plymouth To Write Out Runtime Data...
         Starting ebtables ruleset management...
[[0;32m  OK  [0m] Started Set console font and keymap.
[[0;32m  OK  [0m] Started Tell Plymouth To Write Out Runtime Data.
[[0;32m  OK  [0m] Mounted /vagrant.
[[0;32m  OK  [0m] Found device /dev/ttyS0.
[[0;32m  OK  [0m] Started ebtables ruleset management.
[[0;32m  OK  [0m] Listening on Load/Save RF Kill Switch Status /dev/rfkill Watch.
[[0;32m  OK  [0m] Started Flush Journal to Persistent Storage.
         Starting Create Volatile Files and Directories...
[[0;32m  OK  [0m] Started Create Volatile Files and Directories.
         Starting Update UTMP about System Boot/Shutdown...
[[0;32m  OK  [0m] Started Update UTMP about System Boot/Shutdown.
[[0;32m  OK  [0m] Started AppArmor initialization.
         Starting Load AppArmor profiles managed internally by snapd...
         Starting Initial cloud-init job (pre-networking)...
[[0;32m  OK  [0m] Started Load AppArmor profiles managed internally by snapd.
[   11.452279] cloud-init[567]: Cloud-init v. 20.4.1-0ubuntu1~18.04.1 running 'init-local' at Sat, 17 Jul 2021 07:42:27 +0000. Up 11.33 seconds.
[[0;32m  OK  [0m] Started Initial cloud-init job (pre-networking).
[[0;32m  OK  [0m] Reached target Network (Pre).
         Starting Network Service...
[[0;32m  OK  [0m] Started Network Service.
         Starting Wait for Network to be Configured...
         Starting Network Name Resolution...
[[0;32m  OK  [0m] Started Network Name Resolution.
[[0;32m  OK  [0m] Reached target Host and Network Name Lookups.
[[0;32m  OK  [0m] Reached target Network.
[[0;32m  OK  [0m] Started Wait for Network to be Configured.
         Starting Initial cloud-init job (metadata service crawler)...
[   13.833544] cloud-init[671]: Cloud-init v. 20.4.1-0ubuntu1~18.04.1 running 'init' at Sat, 17 Jul 2021 07:42:29 +0000. Up 13.73 seconds.
[   13.834662] cloud-init[671]: ci-info: ++++++++++++++++++++++++++++++++++++++Net device info++++++++++++++++++++++++++++++++++++++
[   13.835508] cloud-init[671]: ci-info: +--------+------+----------------------------+---------------+--------+-------------------+
[   13.836573] cloud-init[671]: ci-info: | Device |  Up  |          Address           |      Mask     | Scope  |     Hw-Address    |
[   13.837609] cloud-init[671]: ci-info: +--------+------+----------------------------+---------------+--------+-------------------+
[   13.838651] cloud-init[671]: ci-info: | enp0s3 | True |         10.0.2.15          | 255.255.255.0 | global | 02:54:31:68:18:3c |
[   13.839695] cloud-init[671]: ci-info: | enp0s3 | True | fe80::54:31ff:fe68:183c/64 |       .       |  link  | 02:54:31:68:18:3c |
[   13.840736] cloud-init[671]: ci-info: |   lo   | True |         127.0.0.1          |   255.0.0.0   |  host  |         .         |
[   13.841943] cloud-init[671]: ci-info: |   lo   | True |          ::1/128           |       .       |  host  |         .         |
[   13.843006] cloud-init[671]: ci-info: +--------+------+----------------------------+---------------+--------+-------------------+
[   13.844193] cloud-init[671]: ci-info: ++++++++++++++++++++++++++++Route IPv4 info+++++++++++++++++++++++++++++
[   13.849087] cloud-init[671]: ci-info: +-------+-------------+----------+-----------------+-----------+-------+
[   13.864776] cloud-init[671]: ci-info: | Route | Destination | Gateway  |     Genmask     | Interface | Flags |
[   13.865680] cloud-init[671]: ci-info: +-------+-------------+----------+-----------------+-----------+-------+
[   13.866598] cloud-init[671]: ci-info: |   0   |   0.0.0.0   | 10.0.2.2 |     0.0.0.0     |   enp0s3  |   UG  |
[   13.867533] cloud-init[671]: ci-info: |   1   |   10.0.2.0  | 0.0.0.0  |  255.255.255.0  |   enp0s3  |   U   |
[   13.868441] cloud-init[671]: ci-info: |   2   |   10.0.2.2  | 0.0.0.0  | 255.255.255.255 |   enp0s3  |   UH  |
[   13.869350] cloud-init[671]: ci-info: +-------+-------------+----------+-----------------+-----------+-------+
[   13.870244] cloud-init[671]: ci-info: +++++++++++++++++++Route IPv6 info+++++++++++++++++++
[   13.870977] cloud-init[671]: ci-info: +-------+-------------+---------+-----------+-------+
[   13.871735] cloud-init[671]: ci-info: | Route | Destination | Gateway | Interface | Flags |
[   13.872576] cloud-init[671]: ci-info: +-------+-------------+---------+-----------+-------+
[   13.873323] cloud-init[671]: ci-info: |   1   |  fe80::/64  |    ::   |   enp0s3  |   U   |
[   13.874089] cloud-init[671]: ci-info: |   3   |    local    |    ::   |   enp0s3  |   U   |
[   13.874831] cloud-init[671]: ci-info: |   4   |   ff00::/8  |    ::   |   enp0s3  |   U   |
[   13.875732] cloud-init[671]: ci-info: +-------+-------------+---------+-----------+-------+
[[0;32m  OK  [0m] Started Initial cloud-init job (metadata service crawler).
[[0;32m  OK  [0m] Reached target Cloud-config availability.
[[0;32m  OK  [0m] Reached target System Initialization.
[[0;32m  OK  [0m] Listening on Open-iSCSI iscsid Socket.
[[0;32m  OK  [0m] Started Message of the Day.
[[0;32m  OK  [0m] Started Daily apt upgrade and clean activities.
[[0;32m  OK  [0m] Started ACPI Events Check.
[[0;32m  OK  [0m] Listening on ACPID Listen Socket.
[[0;32m  OK  [0m] Reached target Paths.
[[0;32m  OK  [0m] Started Daily Cleanup of Temporary Directories.
[[0;32m  OK  [0m] Listening on UUID daemon activation socket.
[[0;32m  OK  [0m] Started Discard unused blocks once a week.
[[0;32m  OK  [0m] Reached target Timers.
         Starting Socket activation for snappy daemon.
[[0;32m  OK  [0m] Listening on D-Bus System Message Bus Socket.
         Starting LXD - unix socket.
[[0;32m  OK  [0m] Reached target Network is Online.
[[0;32m  OK  [0m] Reached target Remote File Systems (Pre).
[[0;32m  OK  [0m] Reached target Remote File Systems.
         Starting Availability of block devices...
[[0;32m  OK  [0m] Listening on Socket activation for snappy daemon.
[[0;32m  OK  [0m] Listening on LXD - unix socket.
[[0;32m  OK  [0m] Reached target Sockets.
[[0;32m  OK  [0m] Reached target Basic System.
[[0;32m  OK  [0m] Started irqbalance daemon.
[[0;32m  OK  [0m] Started Regular background program processing daemon.
[[0;32m  OK  [0m] Started D-Bus System Message Bus.
         Starting LSB: automatic crash report generation...
         Starting Dispatcher daemon for systemd-networkd...
         Starting Virtualbox guest utils...
[[0;32m  OK  [0m] Started Deferred execution scheduler.
         Starting Accounts Service...
         Starting System Logging Service...
[[0;32m  OK  [0m] Started FUSE filesystem for LXC.
         Starting LSB: Record successful boot for GRUB...
         Starting Permit User Sessions...
         Starting Snap Daemon...
         Starting Daily apt upgrade and clean activities...
         Starting Login Service...
         Starting OpenBSD Secure Shell server...
         Starting LXD - container startup/shutdown...
[[0;32m  OK  [0m] Started Availability of block devices.
[[0;32m  OK  [0m] Started Permit User Sessions.
         Starting Hold until boot process finishes up...
         Starting Terminate Plymouth Boot Screen...
[[0;32m  OK  [0m] Started Hold until boot process finishes up.
         Starting Set console scheme...
[[0;32m  OK  [0m] Started Serial Getty on ttyS0.
[[0;32m  OK  [0m] Started System Logging Service.
[[0;32m  OK  [0m] Started Terminate Plymouth Boot Screen.
[[0;32m  OK  [0m] Started Set console scheme.
[[0;32m  OK  [0m] Created slice system-getty.slice.
[[0;32m  OK  [0m] Started Getty on tty1.
[[0;32m  OK  [0m] Reached target Login Prompts.
[[0;32m  OK  [0m] Started Login Service.
[[0;32m  OK  [0m] Started Unattended Upgrades Shutdown.
         Starting Authorization Manager...
[[0;32m  OK  [0m] Started LSB: automatic crash report generation.
[[0;32m  OK  [0m] Started OpenBSD Secure Shell server.
[[0;32m  OK  [0m] Started LSB: Record successful boot for GRUB.
[[0;32m  OK  [0m] Started Virtualbox guest utils.
[[0;32m  OK  [0m] Started Authorization Manager.
[[0;32m  OK  [0m] Started Accounts Service.
[[0;32m  OK  [0m] Started LXD - container startup/shutdown.
[[0;32m  OK  [0m] Created slice User Slice of vagrant.
         Starting User Manager for UID 1000...
[[0;32m  OK  [0m] Started Session 1 of user vagrant.
[[0;32m  OK  [0m] Started Dispatcher daemon for systemd-networkd.
[[0;32m  OK  [0m] Started Snap Daemon.
         Starting Wait until snapd is fully seeded...
[[0;32m  OK  [0m] Started User Manager for UID 1000.
[[0;32m  OK  [0m] Started Wait until snapd is fully seeded.
[[0;32m  OK  [0m] Reached target Multi-User System.
[[0;32m  OK  [0m] Reached target Graphical Interface.
         Starting Update UTMP about System Runlevel Changes...
         Starting Apply the settings specified in cloud-config...
[[0;32m  OK  [0m] Started Update UTMP about System Runlevel Changes.
[   15.749491] cloud-init[1138]: Cloud-init v. 20.4.1-0ubuntu1~18.04.1 running 'modules:config' at Sat, 17 Jul 2021 07:42:31 +0000. Up 15.68 seconds.
[[0;32m  OK  [0m] Started Apply the settings specified in cloud-config.
         Starting Execute cloud user/final scripts...
[   16.628254] cloud-init[1224]: Cloud-init v. 20.4.1-0ubuntu1~18.04.1 running 'modules:final' at Sat, 17 Jul 2021 07:42:32 +0000. Up 16.48 seconds.
[   16.629448] cloud-init[1224]: Cloud-init v. 20.4.1-0ubuntu1~18.04.1 finished at Sat, 17 Jul 2021 07:42:32 +0000. Datasource DataSourceNoCloud [seed=/dev/sdb][dsmode=net].  Up 16.62 seconds
[[0;32m  OK  [0m] Started Execute cloud user/final scripts.
[[0;32m  OK  [0m] Reached target Cloud-init target.
[[0;32m  OK  [0m] Started Daily apt upgrade and clean activities.

Ubuntu 18.04.5 LTS ubuntu-bionic ttyS0

ubuntu-bionic login: 